<?xml version="1.0" encoding="UTF-8"?>
<!-- Generated by org.testng.reporters.JUnitReportReporter -->
<testsuite hostname="Francis-Anthony" failures="0" tests="1" name="runners.TestRunner" time="19.326" errors="0" timestamp="2025-05-28T23:49:44 IST" skipped="0">
  <testcase classname="runners.TestRunner" name="runScenario" time="19.326"/>
</testsuite> <!-- runners.TestRunner -->
